
                         MODELLER 10.4, 2022/10/28, r12463

     PROTEIN STRUCTURE MODELLING BY SATISFACTION OF SPATIAL RESTRAINTS


                     Copyright(c) 1989-2022 Andrej Sali
                            All Rights Reserved

                             Written by A. Sali
                               with help from
              B. Webb, M.S. Madhusudhan, M-Y. Shen, G.Q. Dong,
          M.A. Marti-Renom, N. Eswar, F. Alber, M. Topf, B. Oliva,
             A. Fiser, R. Sanchez, B. Yerkovich, A. Badretdinov,
                     F. Melo, J.P. Overington, E. Feyfant
                 University of California, San Francisco, USA
                    Rockefeller University, New York, USA
                      Harvard University, Cambridge, USA
                   Imperial Cancer Research Fund, London, UK
              Birkbeck College, University of London, London, UK


Kind, OS, HostName, Kernel, Processor: 4, Windows Vista build 9200, LAPTOP-LTOTR4O7, SMP, unknown
Date and time of compilation         : 2022/10/28 21:14:25
MODELLER executable type             : x86_64-w64
Job starting time (YY/MM/DD HH:MM:SS): 2023/05/25 12:44:58

environ____W> The class 'environ' is deprecated; use 'Environ' instead
openf___224_> Open           $(LIB)/restyp.lib
openf___224_> Open           ${MODINSTALL10v4}/modlib/resgrp.lib
rdresgr_266_> Number of residue groups:        2
openf___224_> Open           ${MODINSTALL10v4}/modlib/sstruc.lib

Dynamically allocated memory at   amaxlibraries [B,KiB,MiB]:       191566     187.076     0.183

Dynamically allocated memory at   amaxlibraries [B,KiB,MiB]:       192094     187.592     0.183
openf___224_> Open           ${MODINSTALL10v4}/modlib/resdih.lib

Dynamically allocated memory at   amaxlibraries [B,KiB,MiB]:       240694     235.053     0.230
rdrdih__263_> Number of dihedral angle types         :        9
              Maximal number of dihedral angle optima:        3
              Dihedral angle names                   :  Alph Phi Psi Omeg chi1 chi2 chi3 chi4 chi5
openf___224_> Open           ${MODINSTALL10v4}/modlib/radii.lib

Dynamically allocated memory at   amaxlibraries [B,KiB,MiB]:       253994     248.041     0.242
openf___224_> Open           ${MODINSTALL10v4}/modlib/af_mnchdef.lib
rdwilmo_274_> Mainchain residue conformation classes:  APBLE
openf___224_> Open           ${MODINSTALL10v4}/modlib/mnch.lib
rdclass_257_> Number of classes:        5
openf___224_> Open           ${MODINSTALL10v4}/modlib/mnch1.lib
openf___224_> Open           ${MODINSTALL10v4}/modlib/mnch2.lib
openf___224_> Open           ${MODINSTALL10v4}/modlib/mnch3.lib
openf___224_> Open           ${MODINSTALL10v4}/modlib/xs4.mat
rdrrwgh_268_> Number of residue types:       21
openf___224_> Open           $(LIB)/top_heav.lib
read_to_681_> topology.submodel read from topology file:        3
openf___224_> Open           $(LIB)/par.lib

Dynamically allocated memory at  amaxparameters [B,KiB,MiB]:       393438     384.217     0.375

Dynamically allocated memory at  amaxparameters [B,KiB,MiB]:       395038     385.779     0.377

Dynamically allocated memory at  amaxparameters [B,KiB,MiB]:       399018     389.666     0.381

Dynamically allocated memory at  amaxparameters [B,KiB,MiB]:       401018     391.619     0.382

Dynamically allocated memory at  amaxparameters [B,KiB,MiB]:       404018     394.549     0.385

Dynamically allocated memory at  amaxparameters [B,KiB,MiB]:       408518     398.943     0.390

Dynamically allocated memory at  amaxparameters [B,KiB,MiB]:       414090     404.385     0.395

Dynamically allocated memory at  amaxparameters [B,KiB,MiB]:       416890     407.119     0.398

Dynamically allocated memory at  amaxparameters [B,KiB,MiB]:       421090     411.221     0.402

Dynamically allocated memory at  amaxparameters [B,KiB,MiB]:       427390     417.373     0.408

Dynamically allocated memory at  amaxparameters [B,KiB,MiB]:       430162     420.080     0.410

Dynamically allocated memory at  amaxparameters [B,KiB,MiB]:       431562     421.447     0.412
read_pa_232_> parameters    BONDS   ANGLS  DIHEDS IMPROPS    MODE
                              227     561     661     112       0
openf___224_> Open           bace1.11DOPEHR.pdb

Dynamically allocated memory at amaxcoordinates [B,KiB,MiB]:       442599     432.226     0.422

Dynamically allocated memory at    amaxsequence [B,KiB,MiB]:       442675     432.300     0.422

Dynamically allocated memory at amaxcoordinates [B,KiB,MiB]:       442846     432.467     0.422

Dynamically allocated memory at amaxcoordinates [B,KiB,MiB]:       443696     433.297     0.423

Dynamically allocated memory at amaxcoordinates [B,KiB,MiB]:       444954     434.525     0.424

Dynamically allocated memory at amaxcoordinates [B,KiB,MiB]:       446858     436.385     0.426

Dynamically allocated memory at    amaxsequence [B,KiB,MiB]:       446898     436.424     0.426

Dynamically allocated memory at amaxcoordinates [B,KiB,MiB]:       446988     436.512     0.426

Dynamically allocated memory at amaxcoordinates [B,KiB,MiB]:       449844     439.301     0.429

Dynamically allocated memory at    amaxsequence [B,KiB,MiB]:       449904     439.359     0.429

Dynamically allocated memory at amaxcoordinates [B,KiB,MiB]:       450039     439.491     0.429

Dynamically allocated memory at amaxcoordinates [B,KiB,MiB]:       454323     443.675     0.433

Dynamically allocated memory at    amaxsequence [B,KiB,MiB]:       454411     443.761     0.433

Dynamically allocated memory at amaxcoordinates [B,KiB,MiB]:       454609     443.954     0.434

Dynamically allocated memory at amaxcoordinates [B,KiB,MiB]:       461035     450.229     0.440

Dynamically allocated memory at    amaxsequence [B,KiB,MiB]:       461167     450.358     0.440

Dynamically allocated memory at amaxcoordinates [B,KiB,MiB]:       461464     450.648     0.440

Dynamically allocated memory at amaxcoordinates [B,KiB,MiB]:       471086     460.045     0.449

Dynamically allocated memory at    amaxsequence [B,KiB,MiB]:       471286     460.240     0.449

Dynamically allocated memory at amaxcoordinates [B,KiB,MiB]:       471736     460.680     0.450

Dynamically allocated memory at amaxcoordinates [B,KiB,MiB]:       486186     474.791     0.464

Dynamically allocated memory at    amaxsequence [B,KiB,MiB]:       486486     475.084     0.464

Dynamically allocated memory at amaxcoordinates [B,KiB,MiB]:       487161     475.743     0.465

Dynamically allocated memory at amaxcoordinates [B,KiB,MiB]:       508819     496.894     0.485

Dynamically allocated memory at    amaxsequence [B,KiB,MiB]:       509267     497.331     0.486

Dynamically allocated memory at amaxcoordinates [B,KiB,MiB]:       510275     498.315     0.487

Dynamically allocated memory at amaxcoordinates [B,KiB,MiB]:       542779     530.058     0.518

Dynamically allocated memory at    amaxsequence [B,KiB,MiB]:       543451     530.714     0.518

Dynamically allocated memory at amaxcoordinates [B,KiB,MiB]:       544963     532.190     0.520

Dynamically allocated memory at amaxcoordinates [B,KiB,MiB]:       593719     579.804     0.566

Dynamically allocated memory at       amaxmodel [B,KiB,MiB]:       941559     919.491     0.898
read_mo_297_> Segments, residues, atoms:        1      442     3450
read_mo_298_> Segment:        1  1:A  442:A     3450

Dynamically allocated memory at   amaxalignment [B,KiB,MiB]:       955329     932.938     0.911

Dynamically allocated memory at   amaxstructure [B,KiB,MiB]:      1210987    1182.604     1.155

Dynamically allocated memory at   amaxalignment [B,KiB,MiB]:      1215533    1187.044     1.159

Dynamically allocated memory at   amaxstructure [B,KiB,MiB]:      1471191    1436.710     1.403

Dynamically allocated memory at       amaxmodel [B,KiB,MiB]:      1523559    1487.851     1.453

mkilst______> segment topology constructed from sequence and RTF:
              segments residues  atoms  bonds angles dihedrals impropers:
                     1      442   3449   3536      0         0      1505

Dynamically allocated memory at       amaxmodel [B,KiB,MiB]:      1672571    1633.370     1.595

patch_______> segment topology patched using RTF:  1 ;  MET  ;  NTER
              segments residues  atoms  bonds angles dihedrals impropers:
                     1      442   3449   3536   4808      5709      1505


Dynamically allocated memory at       amaxmodel [B,KiB,MiB]:      1831627    1788.698     1.747
patch_______> segment topology patched using RTF:  442 ;  THR  ;  CTER
              segments residues  atoms  bonds angles dihedrals impropers:
                     1      442   3450   3537   4810      5711      1506

genseg______> segment topology constructed from sequence and RTF:
              segments residues  atoms  bonds angles dihedrals impropers:
                     1      442   3450   3537   4810      5711      1506
transfe_506_> MODEL is an average of all templates.
transfe_511_> Number of templates for coordinate transfer:        1
              After transferring coordinates of the equivalent template atoms,
              there are defined, undefined atoms in MODEL:     3450        0
selection__W> The class 'selection' is deprecated; use 'Selection' instead
openf___224_> Open           ${LIB}/atmcls-mf.lib

Dynamically allocated memory at amaxgroup_restr [B,KiB,MiB]:      1302423    1271.897     1.242

Dynamically allocated memory at amaxgroup_restr [B,KiB,MiB]:      1302487    1271.960     1.242

Dynamically allocated memory at amaxgroup_restr [B,KiB,MiB]:      1302545    1272.017     1.242

Dynamically allocated memory at amaxgroup_restr [B,KiB,MiB]:      1302609    1272.079     1.242

Dynamically allocated memory at amaxgroup_restr [B,KiB,MiB]:      1302675    1272.144     1.242

Dynamically allocated memory at amaxgroup_restr [B,KiB,MiB]:      1302739    1272.206     1.242

Dynamically allocated memory at amaxgroup_restr [B,KiB,MiB]:      1302895    1272.358     1.243

Dynamically allocated memory at amaxgroup_restr [B,KiB,MiB]:      1303023    1272.483     1.243

Dynamically allocated memory at amaxgroup_restr [B,KiB,MiB]:      1303317    1272.771     1.243

Dynamically allocated memory at amaxgroup_restr [B,KiB,MiB]:      1303509    1272.958     1.243

Dynamically allocated memory at amaxgroup_restr [B,KiB,MiB]:      1304013    1273.450     1.244

Dynamically allocated memory at amaxgroup_restr [B,KiB,MiB]:      1304269    1273.700     1.244

Dynamically allocated memory at amaxgroup_restr [B,KiB,MiB]:      1305265    1274.673     1.245

Dynamically allocated memory at amaxgroup_restr [B,KiB,MiB]:      1305649    1275.048     1.245

Dynamically allocated memory at amaxgroup_restr [B,KiB,MiB]:      1306225    1275.610     1.246

Dynamically allocated memory at amaxgroup_restr [B,KiB,MiB]:      1308259    1277.597     1.248

Dynamically allocated memory at amaxgroup_restr [B,KiB,MiB]:      1309155    1278.472     1.249

Dynamically allocated memory at amaxgroup_restr [B,KiB,MiB]:      1313607    1282.819     1.253

Dynamically allocated memory at amaxgroup_restr [B,KiB,MiB]:      1314951    1284.132     1.254

Dynamically allocated memory at amaxgroup_restr [B,KiB,MiB]:      1324569    1293.524     1.263

Dynamically allocated memory at amaxgroup_restr [B,KiB,MiB]:      1326553    1295.462     1.265

Dynamically allocated memory at amaxgroup_restr [B,KiB,MiB]:      1347199    1315.624     1.285

Dynamically allocated memory at amaxgroup_restr [B,KiB,MiB]:      1350207    1318.562     1.288

Dynamically allocated memory at amaxgroup_restr [B,KiB,MiB]:      1396173    1363.450     1.331

Dynamically allocated memory at amaxgroup_restr [B,KiB,MiB]:      1400653    1367.825     1.336

Dynamically allocated memory at amaxgroup_restr [B,KiB,MiB]:      1501873    1466.673     1.432
openf___224_> Open           ${LIB}/dist-mf.lib

Dynamically allocated memory at amaxgroup_restr [B,KiB,MiB]:      1502269    1467.060     1.433

Dynamically allocated memory at amaxgroup_restr [B,KiB,MiB]:      1503065    1467.837     1.433

Dynamically allocated memory at amaxgroup_restr [B,KiB,MiB]:      1503861    1468.614     1.434

Dynamically allocated memory at amaxgroup_restr [B,KiB,MiB]:      1505049    1469.774     1.435

Dynamically allocated memory at amaxgroup_restr [B,KiB,MiB]:      1505449    1470.165     1.436

Dynamically allocated memory at amaxgroup_restr [B,KiB,MiB]:      1506049    1470.751     1.436

Dynamically allocated memory at amaxgroup_restr [B,KiB,MiB]:      1506949    1471.630     1.437

Dynamically allocated memory at amaxgroup_restr [B,KiB,MiB]:      1508297    1472.946     1.438

Dynamically allocated memory at amaxgroup_restr [B,KiB,MiB]:      1508497    1473.142     1.439

Dynamically allocated memory at amaxgroup_restr [B,KiB,MiB]:      1510521    1475.118     1.441

Dynamically allocated memory at amaxgroup_restr [B,KiB,MiB]:      1510821    1475.411     1.441

Dynamically allocated memory at amaxgroup_restr [B,KiB,MiB]:      1513857    1478.376     1.444

Dynamically allocated memory at amaxgroup_restr [B,KiB,MiB]:      1514305    1478.813     1.444

Dynamically allocated memory at amaxgroup_restr [B,KiB,MiB]:      1518857    1483.259     1.448

Dynamically allocated memory at amaxgroup_restr [B,KiB,MiB]:      1519529    1483.915     1.449

Dynamically allocated memory at amaxgroup_restr [B,KiB,MiB]:      1526357    1490.583     1.456

Dynamically allocated memory at amaxgroup_restr [B,KiB,MiB]:      1527365    1491.567     1.457

Dynamically allocated memory at amaxgroup_restr [B,KiB,MiB]:      1537609    1501.571     1.466

Dynamically allocated memory at amaxgroup_restr [B,KiB,MiB]:      1538209    1502.157     1.467

Dynamically allocated memory at amaxgroup_restr [B,KiB,MiB]:      1538609    1502.548     1.467

Dynamically allocated memory at amaxgroup_restr [B,KiB,MiB]:      1540121    1504.024     1.469

Dynamically allocated memory at amaxgroup_restr [B,KiB,MiB]:      1555485    1519.028     1.483

Dynamically allocated memory at amaxgroup_restr [B,KiB,MiB]:      1556385    1519.907     1.484

Dynamically allocated memory at amaxgroup_restr [B,KiB,MiB]:      1556985    1520.493     1.485

Dynamically allocated memory at amaxgroup_restr [B,KiB,MiB]:      1559253    1522.708     1.487

Dynamically allocated memory at amaxgroup_restr [B,KiB,MiB]:      1582301    1545.216     1.509

Dynamically allocated memory at amaxgroup_restr [B,KiB,MiB]:      1583645    1546.528     1.510

Dynamically allocated memory at amaxgroup_restr [B,KiB,MiB]:      1584545    1547.407     1.511

Dynamically allocated memory at amaxgroup_restr [B,KiB,MiB]:      1587949    1550.731     1.514

Dynamically allocated memory at amaxgroup_restr [B,KiB,MiB]:      1622521    1584.493     1.547

Dynamically allocated memory at amaxgroup_restr [B,KiB,MiB]:      1624537    1586.462     1.549

Dynamically allocated memory at amaxgroup_restr [B,KiB,MiB]:      1625885    1587.778     1.551

Dynamically allocated memory at amaxgroup_restr [B,KiB,MiB]:      1630989    1592.763     1.555

Dynamically allocated memory at amaxgroup_restr [B,KiB,MiB]:      1682845    1643.403     1.605

Dynamically allocated memory at amaxgroup_restr [B,KiB,MiB]:      1685869    1646.356     1.608

Dynamically allocated memory at amaxgroup_restr [B,KiB,MiB]:      1687893    1648.333     1.610

Dynamically allocated memory at amaxgroup_restr [B,KiB,MiB]:      1695549    1655.810     1.617

Dynamically allocated memory at amaxgroup_restr [B,KiB,MiB]:      1773333    1731.771     1.691

Dynamically allocated memory at amaxgroup_restr [B,KiB,MiB]:      1777869    1736.200     1.696

Dynamically allocated memory at amaxgroup_restr [B,KiB,MiB]:      1780905    1739.165     1.698

Dynamically allocated memory at amaxgroup_restr [B,KiB,MiB]:      1792389    1750.380     1.709

Dynamically allocated memory at amaxgroup_restr [B,KiB,MiB]:      1909065    1864.321     1.821

Dynamically allocated memory at amaxgroup_restr [B,KiB,MiB]:      1915869    1870.966     1.827

Dynamically allocated memory at amaxgroup_restr [B,KiB,MiB]:      1920421    1875.411     1.831

Dynamically allocated memory at amaxgroup_restr [B,KiB,MiB]:      1937649    1892.235     1.848

Dynamically allocated memory at amaxgroup_restr [B,KiB,MiB]:      2112665    2063.149     2.015

Dynamically allocated memory at amaxgroup_restr [B,KiB,MiB]:      2122877    2073.122     2.025

Dynamically allocated memory at amaxgroup_restr [B,KiB,MiB]:      2129705    2079.790     2.031

Dynamically allocated memory at amaxgroup_restr [B,KiB,MiB]:      2155545    2105.024     2.056

Dynamically allocated memory at amaxgroup_restr [B,KiB,MiB]:      2418069    2361.396     2.306

Dynamically allocated memory at amaxgroup_restr [B,KiB,MiB]:      2433381    2376.349     2.321

Dynamically allocated memory at amaxgroup_restr [B,KiB,MiB]:      2443625    2386.353     2.330

Dynamically allocated memory at amaxgroup_restr [B,KiB,MiB]:      2482385    2424.204     2.367

Dynamically allocated memory at amaxgroup_restr [B,KiB,MiB]:      2876169    2808.759     2.743

Dynamically allocated memory at amaxgroup_restr [B,KiB,MiB]:      2899137    2831.188     2.765

Dynamically allocated memory at amaxgroup_restr [B,KiB,MiB]:      2914501    2846.192     2.779

Dynamically allocated memory at amaxgroup_restr [B,KiB,MiB]:      2972641    2902.970     2.835

Dynamically allocated memory at amaxgroup_restr [B,KiB,MiB]:      3563317    3479.802     3.398

Dynamically allocated memory at amaxgroup_restr [B,KiB,MiB]:      3597769    3513.446     3.431

Dynamically allocated memory at amaxgroup_restr [B,KiB,MiB]:      3620817    3535.954     3.453

Dynamically allocated memory at amaxgroup_restr [B,KiB,MiB]:      3708029    3621.122     3.536

Dynamically allocated memory at amaxgroup_restr [B,KiB,MiB]:      4594045    4486.372     4.381

Dynamically allocated memory at amaxgroup_restr [B,KiB,MiB]:      4645729    4536.845     4.431

Dynamically allocated memory at amaxgroup_restr [B,KiB,MiB]:      4680301    4570.606     4.463

Dynamically allocated memory at amaxgroup_restr [B,KiB,MiB]:      4811117    4698.356     4.588

Dynamically allocated memory at amaxgroup_restr [B,KiB,MiB]:      6140141    5996.231     5.856
read_pa_232_> parameters    BONDS   ANGLS  DIHEDS IMPROPS    MODE
                                0       0       0       0   12561
>> Model assessment by DOPE potential
iatmcls_286W> MODEL atom not classified:  THR:OXT  THR
preppdf_453W> No fixed restraints selected; there may be some dynamic ones.
preppdf_454W> Restraints file was probably not read; use restraints.append().

Dynamically allocated memory at amaxhash_contac [B,KiB,MiB]:      7133865    6966.665     6.803

Dynamically allocated memory at  amaxrestraints [B,KiB,MiB]:      7509269    7333.271     7.161

Dynamically allocated memory at  amaxrestraints [B,KiB,MiB]:      7592069    7414.130     7.240

Dynamically allocated memory at  amaxrestraints [B,KiB,MiB]:      7757669    7575.849     7.398

Dynamically allocated memory at  amaxrestraints [B,KiB,MiB]:      8088869    7899.286     7.714

Dynamically allocated memory at  amaxrestraints [B,KiB,MiB]:      8751269    8546.161     8.346

Dynamically allocated memory at  amaxrestraints [B,KiB,MiB]:     10076069    9839.911     9.609

Dynamically allocated memory at  amaxrestraints [B,KiB,MiB]:     12725669   12427.411    12.136

Dynamically allocated memory at  amaxrestraints [B,KiB,MiB]:     18024869   17602.410    17.190


>> ENERGY; Differences between the model's features and restraints:
Number of all residues in MODEL                   :      442
Number of all, selected real atoms                :     3450    3450
Number of all, selected pseudo atoms              :        0       0
Number of all static, selected restraints         :        0       0
COVALENT_CYS                                      :        F
NONBONDED_SEL_ATOMS                               :        1
Number of non-bonded pairs (excluding 1-2,1-3,1-4):   675282
Dynamic pairs routine                             : 1, NATM x NATM double loop
Atomic shift for contacts update (UPDATE_DYNAMIC) :    0.390
LENNARD_JONES_SWITCH                              :    6.500   7.500
COULOMB_JONES_SWITCH                              :    6.500   7.500
RESIDUE_SPAN_RANGE                                :        1    9999
NLOGN_USE                                         :       15
CONTACT_SHELL                                     :   15.000
DYNAMIC_PAIRS,_SPHERE,_COULOMB,_LENNARD,_MODELLER :        T       F       F       F       T
SPHERE_STDV                                       :    0.050
RADII_FACTOR                                      :    0.820
Current energy                                    :      -48826.5977





Summary of the restraint violations: 

   NUM     ... number of restraints.
   NUMVI   ... number of restraints with RVIOL > VIOL_REPORT_CUT[i].
   RVIOL   ... relative difference from the best value.
   NUMVP   ... number of restraints with -Ln(pdf) > VIOL_REPORT_CUT2[i].
   RMS_1   ... RMS(feature, minimally_violated_basis_restraint, NUMB).
   RMS_2   ... RMS(feature, best_value, NUMB).
   MOL.PDF ... scaled contribution to -Ln(Molecular pdf).

 #                     RESTRAINT_GROUP      NUM   NUMVI  NUMVP   RMS_1   RMS_2         MOL.PDF     S_i
------------------------------------------------------------------------------------------------------
 1 Bond length potential              :       0       0      0   0.000   0.000      0.0000       0.000
 2 Bond angle potential               :       0       0      0   0.000   0.000      0.0000       0.000
 3 Stereochemical cosine torsion poten:       0       0      0   0.000   0.000      0.0000       0.000
 4 Stereochemical improper torsion pot:       0       0      0   0.000   0.000      0.0000       0.000
 5 Soft-sphere overlap restraints     :       0       0      0   0.000   0.000      0.0000       0.000
 6 Lennard-Jones 6-12 potential       :       0       0      0   0.000   0.000      0.0000       0.000
 7 Coulomb point-point electrostatic p:       0       0      0   0.000   0.000      0.0000       0.000
 8 H-bonding potential                :       0       0      0   0.000   0.000      0.0000       0.000
 9 Distance restraints 1 (CA-CA)      :       0       0      0   0.000   0.000      0.0000       0.000
10 Distance restraints 2 (N-O)        :       0       0      0   0.000   0.000      0.0000       0.000
11 Mainchain Phi dihedral restraints  :       0       0      0   0.000   0.000      0.0000       0.000
12 Mainchain Psi dihedral restraints  :       0       0      0   0.000   0.000      0.0000       0.000
13 Mainchain Omega dihedral restraints:       0       0      0   0.000   0.000      0.0000       0.000
14 Sidechain Chi_1 dihedral restraints:       0       0      0   0.000   0.000      0.0000       0.000
15 Sidechain Chi_2 dihedral restraints:       0       0      0   0.000   0.000      0.0000       0.000
16 Sidechain Chi_3 dihedral restraints:       0       0      0   0.000   0.000      0.0000       0.000
17 Sidechain Chi_4 dihedral restraints:       0       0      0   0.000   0.000      0.0000       0.000
18 Disulfide distance restraints      :       0       0      0   0.000   0.000      0.0000       0.000
19 Disulfide angle restraints         :       0       0      0   0.000   0.000      0.0000       0.000
20 Disulfide dihedral angle restraints:       0       0      0   0.000   0.000      0.0000       0.000
21 Lower bound distance restraints    :       0       0      0   0.000   0.000      0.0000       0.000
22 Upper bound distance restraints    :       0       0      0   0.000   0.000      0.0000       0.000
23 Distance restraints 3 (SDCH-MNCH)  :       0       0      0   0.000   0.000      0.0000       0.000
24 Sidechain Chi_5 dihedral restraints:       0       0      0   0.000   0.000      0.0000       0.000
25 Phi/Psi pair of dihedral restraints:       0       0      0   0.000   0.000      0.0000       0.000
26 Distance restraints 4 (SDCH-SDCH)  :       0       0      0   0.000   0.000      0.0000       0.000
27 Distance restraints 5 (X-Y)        :       0       0      0   0.000   0.000      0.0000       0.000
28 NMR distance restraints 6 (X-Y)    :       0       0      0   0.000   0.000      0.0000       0.000
29 NMR distance restraints 7 (X-Y)    :       0       0      0   0.000   0.000      0.0000       0.000
30 Minimal distance restraints        :       0       0      0   0.000   0.000      0.0000       0.000
31 Non-bonded restraints              :  675102       0    531   6.836   6.836     -48827.       1.000
32 Atomic accessibility restraints    :       0       0      0   0.000   0.000      0.0000       0.000
33 Atomic density restraints          :       0       0      0   0.000   0.000      0.0000       0.000
34 Absolute position restraints       :       0       0      0   0.000   0.000      0.0000       0.000
35 Dihedral angle difference restraint:       0       0      0   0.000   0.000      0.0000       0.000
36 GBSA implicit solvent potential    :       0       0      0   0.000   0.000      0.0000       0.000
37 EM density fitting potential       :       0       0      0   0.000   0.000      0.0000       0.000
38 SAXS restraints                    :       0       0      0   0.000   0.000      0.0000       0.000
39 Symmetry restraints                :       0       0      0   0.000   0.000      0.0000       0.000
do_prof_492W> Are you sure you want to calculate a normalized energy profile!



openf___224_> Open           model11.profile
# Energy of each residue is written to: model11.profile
# The profile IS normalized by the number of restraints.
# The profiles are smoothed over a window of residues:   13
# The sum of all numbers in the file:     -15.9366

<< end of ENERGY.
DOPE score               : -48826.597656

Dynamically allocated memory at          finish [B,KiB,MiB]:     17732097   17316.500    16.911
Starting time                                            : 2023/05/25 12:44:58
Closing time                                             : 2023/05/25 12:45:03
Total CPU time [seconds]                                 :       4.03
