
                         MODELLER 10.4, 2022/10/28, r12463

     PROTEIN STRUCTURE MODELLING BY SATISFACTION OF SPATIAL RESTRAINTS


                     Copyright(c) 1989-2022 Andrej Sali
                            All Rights Reserved

                             Written by A. Sali
                               with help from
              B. Webb, M.S. Madhusudhan, M-Y. Shen, G.Q. Dong,
          M.A. Marti-Renom, N. Eswar, F. Alber, M. Topf, B. Oliva,
             A. Fiser, R. Sanchez, B. Yerkovich, A. Badretdinov,
                     F. Melo, J.P. Overington, E. Feyfant
                 University of California, San Francisco, USA
                    Rockefeller University, New York, USA
                      Harvard University, Cambridge, USA
                   Imperial Cancer Research Fund, London, UK
              Birkbeck College, University of London, London, UK


Kind, OS, HostName, Kernel, Processor: 4, Windows Vista build 9200, LAPTOP-LTOTR4O7, SMP, unknown
Date and time of compilation         : 2022/10/28 21:14:25
MODELLER executable type             : x86_64-w64
Job starting time (YY/MM/DD HH:MM:SS): 2023/05/25 12:46:54

environ____W> The class 'environ' is deprecated; use 'Environ' instead
openf___224_> Open           $(LIB)/restyp.lib
openf___224_> Open           ${MODINSTALL10v4}/modlib/resgrp.lib
rdresgr_266_> Number of residue groups:        2
openf___224_> Open           ${MODINSTALL10v4}/modlib/sstruc.lib

Dynamically allocated memory at   amaxlibraries [B,KiB,MiB]:       191566     187.076     0.183

Dynamically allocated memory at   amaxlibraries [B,KiB,MiB]:       192094     187.592     0.183
openf___224_> Open           ${MODINSTALL10v4}/modlib/resdih.lib

Dynamically allocated memory at   amaxlibraries [B,KiB,MiB]:       240694     235.053     0.230
rdrdih__263_> Number of dihedral angle types         :        9
              Maximal number of dihedral angle optima:        3
              Dihedral angle names                   :  Alph Phi Psi Omeg chi1 chi2 chi3 chi4 chi5
openf___224_> Open           ${MODINSTALL10v4}/modlib/radii.lib

Dynamically allocated memory at   amaxlibraries [B,KiB,MiB]:       253994     248.041     0.242
openf___224_> Open           ${MODINSTALL10v4}/modlib/af_mnchdef.lib
rdwilmo_274_> Mainchain residue conformation classes:  APBLE
openf___224_> Open           ${MODINSTALL10v4}/modlib/mnch.lib
rdclass_257_> Number of classes:        5
openf___224_> Open           ${MODINSTALL10v4}/modlib/mnch1.lib
openf___224_> Open           ${MODINSTALL10v4}/modlib/mnch2.lib
openf___224_> Open           ${MODINSTALL10v4}/modlib/mnch3.lib
openf___224_> Open           ${MODINSTALL10v4}/modlib/xs4.mat
rdrrwgh_268_> Number of residue types:       21
openf___224_> Open           $(LIB)/top_heav.lib
read_to_681_> topology.submodel read from topology file:        3
openf___224_> Open           $(LIB)/par.lib

Dynamically allocated memory at  amaxparameters [B,KiB,MiB]:       393438     384.217     0.375

Dynamically allocated memory at  amaxparameters [B,KiB,MiB]:       395038     385.779     0.377

Dynamically allocated memory at  amaxparameters [B,KiB,MiB]:       399018     389.666     0.381

Dynamically allocated memory at  amaxparameters [B,KiB,MiB]:       401018     391.619     0.382

Dynamically allocated memory at  amaxparameters [B,KiB,MiB]:       404018     394.549     0.385

Dynamically allocated memory at  amaxparameters [B,KiB,MiB]:       408518     398.943     0.390

Dynamically allocated memory at  amaxparameters [B,KiB,MiB]:       414090     404.385     0.395

Dynamically allocated memory at  amaxparameters [B,KiB,MiB]:       416890     407.119     0.398

Dynamically allocated memory at  amaxparameters [B,KiB,MiB]:       421090     411.221     0.402

Dynamically allocated memory at  amaxparameters [B,KiB,MiB]:       427390     417.373     0.408

Dynamically allocated memory at  amaxparameters [B,KiB,MiB]:       430162     420.080     0.410

Dynamically allocated memory at  amaxparameters [B,KiB,MiB]:       431562     421.447     0.412
read_pa_232_> parameters    BONDS   ANGLS  DIHEDS IMPROPS    MODE
                              227     561     661     112       0
openf___224_> Open           bace2.4DOPEHR.pdb

Dynamically allocated memory at amaxcoordinates [B,KiB,MiB]:       442599     432.226     0.422

Dynamically allocated memory at    amaxsequence [B,KiB,MiB]:       442675     432.300     0.422

Dynamically allocated memory at amaxcoordinates [B,KiB,MiB]:       442846     432.467     0.422

Dynamically allocated memory at amaxcoordinates [B,KiB,MiB]:       443696     433.297     0.423

Dynamically allocated memory at amaxcoordinates [B,KiB,MiB]:       444954     434.525     0.424

Dynamically allocated memory at amaxcoordinates [B,KiB,MiB]:       446858     436.385     0.426

Dynamically allocated memory at    amaxsequence [B,KiB,MiB]:       446898     436.424     0.426

Dynamically allocated memory at amaxcoordinates [B,KiB,MiB]:       446988     436.512     0.426

Dynamically allocated memory at amaxcoordinates [B,KiB,MiB]:       449844     439.301     0.429

Dynamically allocated memory at    amaxsequence [B,KiB,MiB]:       449904     439.359     0.429

Dynamically allocated memory at amaxcoordinates [B,KiB,MiB]:       450039     439.491     0.429

Dynamically allocated memory at amaxcoordinates [B,KiB,MiB]:       454323     443.675     0.433

Dynamically allocated memory at    amaxsequence [B,KiB,MiB]:       454411     443.761     0.433

Dynamically allocated memory at amaxcoordinates [B,KiB,MiB]:       454609     443.954     0.434

Dynamically allocated memory at amaxcoordinates [B,KiB,MiB]:       461035     450.229     0.440

Dynamically allocated memory at    amaxsequence [B,KiB,MiB]:       461167     450.358     0.440

Dynamically allocated memory at amaxcoordinates [B,KiB,MiB]:       461464     450.648     0.440

Dynamically allocated memory at amaxcoordinates [B,KiB,MiB]:       471086     460.045     0.449

Dynamically allocated memory at    amaxsequence [B,KiB,MiB]:       471286     460.240     0.449

Dynamically allocated memory at amaxcoordinates [B,KiB,MiB]:       471736     460.680     0.450

Dynamically allocated memory at amaxcoordinates [B,KiB,MiB]:       486186     474.791     0.464

Dynamically allocated memory at    amaxsequence [B,KiB,MiB]:       486486     475.084     0.464

Dynamically allocated memory at amaxcoordinates [B,KiB,MiB]:       487161     475.743     0.465

Dynamically allocated memory at amaxcoordinates [B,KiB,MiB]:       508819     496.894     0.485

Dynamically allocated memory at    amaxsequence [B,KiB,MiB]:       509267     497.331     0.486

Dynamically allocated memory at amaxcoordinates [B,KiB,MiB]:       510275     498.315     0.487

Dynamically allocated memory at amaxcoordinates [B,KiB,MiB]:       542779     530.058     0.518

Dynamically allocated memory at    amaxsequence [B,KiB,MiB]:       543451     530.714     0.518

Dynamically allocated memory at amaxcoordinates [B,KiB,MiB]:       544963     532.190     0.520

Dynamically allocated memory at amaxcoordinates [B,KiB,MiB]:       593719     579.804     0.566

Dynamically allocated memory at       amaxmodel [B,KiB,MiB]:       941559     919.491     0.898
read_mo_297_> Segments, residues, atoms:        1      386     2969
read_mo_298_> Segment:        1  1:A  386:A     2969

Dynamically allocated memory at   amaxalignment [B,KiB,MiB]:       953705     931.353     0.910

Dynamically allocated memory at   amaxstructure [B,KiB,MiB]:      1175481    1147.931     1.121

Dynamically allocated memory at   amaxalignment [B,KiB,MiB]:      1179523    1151.878     1.125

Dynamically allocated memory at   amaxstructure [B,KiB,MiB]:      1401299    1368.456     1.336

Dynamically allocated memory at       amaxmodel [B,KiB,MiB]:      1446619    1412.714     1.380

mkilst______> segment topology constructed from sequence and RTF:
              segments residues  atoms  bonds angles dihedrals impropers:
                     1      386   2968   3043      0         0      1311

Dynamically allocated memory at       amaxmodel [B,KiB,MiB]:      1575315    1538.394     1.502

patch_______> segment topology patched using RTF:  1 ;  ALA  ;  NTER
              segments residues  atoms  bonds angles dihedrals impropers:
                     1      386   2968   3043   4143      4938      1311


Dynamically allocated memory at       amaxmodel [B,KiB,MiB]:      1707891    1667.862     1.629
patch_______> segment topology patched using RTF:  386 ;  ALA  ;  CTER
              segments residues  atoms  bonds angles dihedrals impropers:
                     1      386   2969   3044   4145      4940      1312

genseg______> segment topology constructed from sequence and RTF:
              segments residues  atoms  bonds angles dihedrals impropers:
                     1      386   2969   3044   4145      4940      1312
transfe_506_> MODEL is an average of all templates.
transfe_511_> Number of templates for coordinate transfer:        1
              After transferring coordinates of the equivalent template atoms,
              there are defined, undefined atoms in MODEL:     2969        0
selection__W> The class 'selection' is deprecated; use 'Selection' instead
openf___224_> Open           ${LIB}/atmcls-mf.lib

Dynamically allocated memory at amaxgroup_restr [B,KiB,MiB]:      1248579    1219.315     1.191

Dynamically allocated memory at amaxgroup_restr [B,KiB,MiB]:      1248643    1219.378     1.191

Dynamically allocated memory at amaxgroup_restr [B,KiB,MiB]:      1248701    1219.435     1.191

Dynamically allocated memory at amaxgroup_restr [B,KiB,MiB]:      1248765    1219.497     1.191

Dynamically allocated memory at amaxgroup_restr [B,KiB,MiB]:      1248831    1219.562     1.191

Dynamically allocated memory at amaxgroup_restr [B,KiB,MiB]:      1248895    1219.624     1.191

Dynamically allocated memory at amaxgroup_restr [B,KiB,MiB]:      1249051    1219.776     1.191

Dynamically allocated memory at amaxgroup_restr [B,KiB,MiB]:      1249179    1219.901     1.191

Dynamically allocated memory at amaxgroup_restr [B,KiB,MiB]:      1249473    1220.188     1.192

Dynamically allocated memory at amaxgroup_restr [B,KiB,MiB]:      1249665    1220.376     1.192

Dynamically allocated memory at amaxgroup_restr [B,KiB,MiB]:      1250169    1220.868     1.192

Dynamically allocated memory at amaxgroup_restr [B,KiB,MiB]:      1250425    1221.118     1.192

Dynamically allocated memory at amaxgroup_restr [B,KiB,MiB]:      1251421    1222.091     1.193

Dynamically allocated memory at amaxgroup_restr [B,KiB,MiB]:      1251805    1222.466     1.194

Dynamically allocated memory at amaxgroup_restr [B,KiB,MiB]:      1252381    1223.028     1.194

Dynamically allocated memory at amaxgroup_restr [B,KiB,MiB]:      1254415    1225.015     1.196

Dynamically allocated memory at amaxgroup_restr [B,KiB,MiB]:      1255311    1225.890     1.197

Dynamically allocated memory at amaxgroup_restr [B,KiB,MiB]:      1259763    1230.237     1.201

Dynamically allocated memory at amaxgroup_restr [B,KiB,MiB]:      1261107    1231.550     1.203

Dynamically allocated memory at amaxgroup_restr [B,KiB,MiB]:      1270725    1240.942     1.212

Dynamically allocated memory at amaxgroup_restr [B,KiB,MiB]:      1272709    1242.880     1.214

Dynamically allocated memory at amaxgroup_restr [B,KiB,MiB]:      1293355    1263.042     1.233

Dynamically allocated memory at amaxgroup_restr [B,KiB,MiB]:      1296363    1265.979     1.236

Dynamically allocated memory at amaxgroup_restr [B,KiB,MiB]:      1342329    1310.868     1.280

Dynamically allocated memory at amaxgroup_restr [B,KiB,MiB]:      1346809    1315.243     1.284

Dynamically allocated memory at amaxgroup_restr [B,KiB,MiB]:      1448029    1414.091     1.381
openf___224_> Open           ${LIB}/dist-mf.lib

Dynamically allocated memory at amaxgroup_restr [B,KiB,MiB]:      1448425    1414.478     1.381

Dynamically allocated memory at amaxgroup_restr [B,KiB,MiB]:      1449221    1415.255     1.382

Dynamically allocated memory at amaxgroup_restr [B,KiB,MiB]:      1450017    1416.032     1.383

Dynamically allocated memory at amaxgroup_restr [B,KiB,MiB]:      1451205    1417.192     1.384

Dynamically allocated memory at amaxgroup_restr [B,KiB,MiB]:      1451605    1417.583     1.384

Dynamically allocated memory at amaxgroup_restr [B,KiB,MiB]:      1452205    1418.169     1.385

Dynamically allocated memory at amaxgroup_restr [B,KiB,MiB]:      1453105    1419.048     1.386

Dynamically allocated memory at amaxgroup_restr [B,KiB,MiB]:      1454453    1420.364     1.387

Dynamically allocated memory at amaxgroup_restr [B,KiB,MiB]:      1454653    1420.560     1.387

Dynamically allocated memory at amaxgroup_restr [B,KiB,MiB]:      1456677    1422.536     1.389

Dynamically allocated memory at amaxgroup_restr [B,KiB,MiB]:      1456977    1422.829     1.389

Dynamically allocated memory at amaxgroup_restr [B,KiB,MiB]:      1460013    1425.794     1.392

Dynamically allocated memory at amaxgroup_restr [B,KiB,MiB]:      1460461    1426.231     1.393

Dynamically allocated memory at amaxgroup_restr [B,KiB,MiB]:      1465013    1430.677     1.397

Dynamically allocated memory at amaxgroup_restr [B,KiB,MiB]:      1465685    1431.333     1.398

Dynamically allocated memory at amaxgroup_restr [B,KiB,MiB]:      1472513    1438.001     1.404

Dynamically allocated memory at amaxgroup_restr [B,KiB,MiB]:      1473521    1438.985     1.405

Dynamically allocated memory at amaxgroup_restr [B,KiB,MiB]:      1483765    1448.989     1.415

Dynamically allocated memory at amaxgroup_restr [B,KiB,MiB]:      1484365    1449.575     1.416

Dynamically allocated memory at amaxgroup_restr [B,KiB,MiB]:      1484765    1449.966     1.416

Dynamically allocated memory at amaxgroup_restr [B,KiB,MiB]:      1486277    1451.442     1.417

Dynamically allocated memory at amaxgroup_restr [B,KiB,MiB]:      1501641    1466.446     1.432

Dynamically allocated memory at amaxgroup_restr [B,KiB,MiB]:      1502541    1467.325     1.433

Dynamically allocated memory at amaxgroup_restr [B,KiB,MiB]:      1503141    1467.911     1.434

Dynamically allocated memory at amaxgroup_restr [B,KiB,MiB]:      1505409    1470.126     1.436

Dynamically allocated memory at amaxgroup_restr [B,KiB,MiB]:      1528457    1492.634     1.458

Dynamically allocated memory at amaxgroup_restr [B,KiB,MiB]:      1529801    1493.946     1.459

Dynamically allocated memory at amaxgroup_restr [B,KiB,MiB]:      1530701    1494.825     1.460

Dynamically allocated memory at amaxgroup_restr [B,KiB,MiB]:      1534105    1498.149     1.463

Dynamically allocated memory at amaxgroup_restr [B,KiB,MiB]:      1568677    1531.911     1.496

Dynamically allocated memory at amaxgroup_restr [B,KiB,MiB]:      1570693    1533.880     1.498

Dynamically allocated memory at amaxgroup_restr [B,KiB,MiB]:      1572041    1535.196     1.499

Dynamically allocated memory at amaxgroup_restr [B,KiB,MiB]:      1577145    1540.181     1.504

Dynamically allocated memory at amaxgroup_restr [B,KiB,MiB]:      1629001    1590.821     1.554

Dynamically allocated memory at amaxgroup_restr [B,KiB,MiB]:      1632025    1593.774     1.556

Dynamically allocated memory at amaxgroup_restr [B,KiB,MiB]:      1634049    1595.751     1.558

Dynamically allocated memory at amaxgroup_restr [B,KiB,MiB]:      1641705    1603.228     1.566

Dynamically allocated memory at amaxgroup_restr [B,KiB,MiB]:      1719489    1679.188     1.640

Dynamically allocated memory at amaxgroup_restr [B,KiB,MiB]:      1724025    1683.618     1.644

Dynamically allocated memory at amaxgroup_restr [B,KiB,MiB]:      1727061    1686.583     1.647

Dynamically allocated memory at amaxgroup_restr [B,KiB,MiB]:      1738545    1697.798     1.658

Dynamically allocated memory at amaxgroup_restr [B,KiB,MiB]:      1855221    1811.739     1.769

Dynamically allocated memory at amaxgroup_restr [B,KiB,MiB]:      1862025    1818.384     1.776

Dynamically allocated memory at amaxgroup_restr [B,KiB,MiB]:      1866577    1822.829     1.780

Dynamically allocated memory at amaxgroup_restr [B,KiB,MiB]:      1883805    1839.653     1.797

Dynamically allocated memory at amaxgroup_restr [B,KiB,MiB]:      2058821    2010.567     1.963

Dynamically allocated memory at amaxgroup_restr [B,KiB,MiB]:      2069033    2020.540     1.973

Dynamically allocated memory at amaxgroup_restr [B,KiB,MiB]:      2075861    2027.208     1.980

Dynamically allocated memory at amaxgroup_restr [B,KiB,MiB]:      2101701    2052.442     2.004

Dynamically allocated memory at amaxgroup_restr [B,KiB,MiB]:      2364225    2308.813     2.255

Dynamically allocated memory at amaxgroup_restr [B,KiB,MiB]:      2379537    2323.767     2.269

Dynamically allocated memory at amaxgroup_restr [B,KiB,MiB]:      2389781    2333.771     2.279

Dynamically allocated memory at amaxgroup_restr [B,KiB,MiB]:      2428541    2371.622     2.316

Dynamically allocated memory at amaxgroup_restr [B,KiB,MiB]:      2822325    2756.177     2.692

Dynamically allocated memory at amaxgroup_restr [B,KiB,MiB]:      2845293    2778.606     2.713

Dynamically allocated memory at amaxgroup_restr [B,KiB,MiB]:      2860657    2793.610     2.728

Dynamically allocated memory at amaxgroup_restr [B,KiB,MiB]:      2918797    2850.388     2.784

Dynamically allocated memory at amaxgroup_restr [B,KiB,MiB]:      3509473    3427.220     3.347

Dynamically allocated memory at amaxgroup_restr [B,KiB,MiB]:      3543925    3460.864     3.380

Dynamically allocated memory at amaxgroup_restr [B,KiB,MiB]:      3566973    3483.372     3.402

Dynamically allocated memory at amaxgroup_restr [B,KiB,MiB]:      3654185    3568.540     3.485

Dynamically allocated memory at amaxgroup_restr [B,KiB,MiB]:      4540201    4433.790     4.330

Dynamically allocated memory at amaxgroup_restr [B,KiB,MiB]:      4591885    4484.263     4.379

Dynamically allocated memory at amaxgroup_restr [B,KiB,MiB]:      4626457    4518.024     4.412

Dynamically allocated memory at amaxgroup_restr [B,KiB,MiB]:      4757273    4645.774     4.537

Dynamically allocated memory at amaxgroup_restr [B,KiB,MiB]:      6086297    5943.649     5.804
read_pa_232_> parameters    BONDS   ANGLS  DIHEDS IMPROPS    MODE
                                0       0       0       0   12561
>> Model assessment by DOPE potential
iatmcls_286W> MODEL atom not classified:  ALA:OXT  ALA
preppdf_453W> No fixed restraints selected; there may be some dynamic ones.
preppdf_454W> Restraints file was probably not read; use restraints.append().

Dynamically allocated memory at amaxhash_contac [B,KiB,MiB]:      6941493    6778.802     6.620

Dynamically allocated memory at  amaxrestraints [B,KiB,MiB]:      7305353    7134.134     6.967

Dynamically allocated memory at  amaxrestraints [B,KiB,MiB]:      7376609    7203.720     7.035

Dynamically allocated memory at  amaxrestraints [B,KiB,MiB]:      7519121    7342.892     7.171

Dynamically allocated memory at  amaxrestraints [B,KiB,MiB]:      7804145    7621.235     7.443

Dynamically allocated memory at  amaxrestraints [B,KiB,MiB]:      8374193    8177.923     7.986

Dynamically allocated memory at  amaxrestraints [B,KiB,MiB]:      9514289    9291.298     9.074

Dynamically allocated memory at  amaxrestraints [B,KiB,MiB]:     11794481   11518.048    11.248

Dynamically allocated memory at  amaxrestraints [B,KiB,MiB]:     16354865   15971.548    15.597


>> ENERGY; Differences between the model's features and restraints:
Number of all residues in MODEL                   :      386
Number of all, selected real atoms                :     2969    2969
Number of all, selected pseudo atoms              :        0       0
Number of all static, selected restraints         :        0       0
COVALENT_CYS                                      :        F
NONBONDED_SEL_ATOMS                               :        1
Number of non-bonded pairs (excluding 1-2,1-3,1-4):   625718
Dynamic pairs routine                             : 1, NATM x NATM double loop
Atomic shift for contacts update (UPDATE_DYNAMIC) :    0.390
LENNARD_JONES_SWITCH                              :    6.500   7.500
COULOMB_JONES_SWITCH                              :    6.500   7.500
RESIDUE_SPAN_RANGE                                :        1    9999
NLOGN_USE                                         :       15
CONTACT_SHELL                                     :   15.000
DYNAMIC_PAIRS,_SPHERE,_COULOMB,_LENNARD,_MODELLER :        T       F       F       F       T
SPHERE_STDV                                       :    0.050
RADII_FACTOR                                      :    0.820
Current energy                                    :      -48127.2031





Summary of the restraint violations: 

   NUM     ... number of restraints.
   NUMVI   ... number of restraints with RVIOL > VIOL_REPORT_CUT[i].
   RVIOL   ... relative difference from the best value.
   NUMVP   ... number of restraints with -Ln(pdf) > VIOL_REPORT_CUT2[i].
   RMS_1   ... RMS(feature, minimally_violated_basis_restraint, NUMB).
   RMS_2   ... RMS(feature, best_value, NUMB).
   MOL.PDF ... scaled contribution to -Ln(Molecular pdf).

 #                     RESTRAINT_GROUP      NUM   NUMVI  NUMVP   RMS_1   RMS_2         MOL.PDF     S_i
------------------------------------------------------------------------------------------------------
 1 Bond length potential              :       0       0      0   0.000   0.000      0.0000       0.000
 2 Bond angle potential               :       0       0      0   0.000   0.000      0.0000       0.000
 3 Stereochemical cosine torsion poten:       0       0      0   0.000   0.000      0.0000       0.000
 4 Stereochemical improper torsion pot:       0       0      0   0.000   0.000      0.0000       0.000
 5 Soft-sphere overlap restraints     :       0       0      0   0.000   0.000      0.0000       0.000
 6 Lennard-Jones 6-12 potential       :       0       0      0   0.000   0.000      0.0000       0.000
 7 Coulomb point-point electrostatic p:       0       0      0   0.000   0.000      0.0000       0.000
 8 H-bonding potential                :       0       0      0   0.000   0.000      0.0000       0.000
 9 Distance restraints 1 (CA-CA)      :       0       0      0   0.000   0.000      0.0000       0.000
10 Distance restraints 2 (N-O)        :       0       0      0   0.000   0.000      0.0000       0.000
11 Mainchain Phi dihedral restraints  :       0       0      0   0.000   0.000      0.0000       0.000
12 Mainchain Psi dihedral restraints  :       0       0      0   0.000   0.000      0.0000       0.000
13 Mainchain Omega dihedral restraints:       0       0      0   0.000   0.000      0.0000       0.000
14 Sidechain Chi_1 dihedral restraints:       0       0      0   0.000   0.000      0.0000       0.000
15 Sidechain Chi_2 dihedral restraints:       0       0      0   0.000   0.000      0.0000       0.000
16 Sidechain Chi_3 dihedral restraints:       0       0      0   0.000   0.000      0.0000       0.000
17 Sidechain Chi_4 dihedral restraints:       0       0      0   0.000   0.000      0.0000       0.000
18 Disulfide distance restraints      :       0       0      0   0.000   0.000      0.0000       0.000
19 Disulfide angle restraints         :       0       0      0   0.000   0.000      0.0000       0.000
20 Disulfide dihedral angle restraints:       0       0      0   0.000   0.000      0.0000       0.000
21 Lower bound distance restraints    :       0       0      0   0.000   0.000      0.0000       0.000
22 Upper bound distance restraints    :       0       0      0   0.000   0.000      0.0000       0.000
23 Distance restraints 3 (SDCH-MNCH)  :       0       0      0   0.000   0.000      0.0000       0.000
24 Sidechain Chi_5 dihedral restraints:       0       0      0   0.000   0.000      0.0000       0.000
25 Phi/Psi pair of dihedral restraints:       0       0      0   0.000   0.000      0.0000       0.000
26 Distance restraints 4 (SDCH-SDCH)  :       0       0      0   0.000   0.000      0.0000       0.000
27 Distance restraints 5 (X-Y)        :       0       0      0   0.000   0.000      0.0000       0.000
28 NMR distance restraints 6 (X-Y)    :       0       0      0   0.000   0.000      0.0000       0.000
29 NMR distance restraints 7 (X-Y)    :       0       0      0   0.000   0.000      0.0000       0.000
30 Minimal distance restraints        :       0       0      0   0.000   0.000      0.0000       0.000
31 Non-bonded restraints              :  625539       0    448   6.866   6.866     -48127.       1.000
32 Atomic accessibility restraints    :       0       0      0   0.000   0.000      0.0000       0.000
33 Atomic density restraints          :       0       0      0   0.000   0.000      0.0000       0.000
34 Absolute position restraints       :       0       0      0   0.000   0.000      0.0000       0.000
35 Dihedral angle difference restraint:       0       0      0   0.000   0.000      0.0000       0.000
36 GBSA implicit solvent potential    :       0       0      0   0.000   0.000      0.0000       0.000
37 EM density fitting potential       :       0       0      0   0.000   0.000      0.0000       0.000
38 SAXS restraints                    :       0       0      0   0.000   0.000      0.0000       0.000
39 Symmetry restraints                :       0       0      0   0.000   0.000      0.0000       0.000
do_prof_492W> Are you sure you want to calculate a normalized energy profile!



openf___224_> Open           model4.profile
# Energy of each residue is written to: model4.profile
# The profile IS normalized by the number of restraints.
# The profiles are smoothed over a window of residues:   13
# The sum of all numbers in the file:     -14.0332

<< end of ENERGY.
DOPE score               : -48127.203125

Dynamically allocated memory at          finish [B,KiB,MiB]:     16062093   15685.638    15.318
Starting time                                            : 2023/05/25 12:46:54
Closing time                                             : 2023/05/25 12:46:59
Total CPU time [seconds]                                 :       3.86
